<?xml version="1.0" encoding="UTF-8"?>
<!-- Generated by org.testng.reporters.JUnitReportReporter -->
<testsuite hostname="GATADI" failures="0" tests="1" name="test.TC001_NavigatingtoBestBuy" time="8.790" errors="0" timestamp="2024-03-27T20:09:27 IST" skipped="0">
  <testcase classname="test.TC001_NavigatingtoBestBuy" name="tc_01_navgatingToBestBestApp" time="8.790"/>
  <system-out/>
</testsuite> <!-- test.TC001_NavigatingtoBestBuy -->
