<?xml version="1.0" encoding="UTF-8"?>
<!-- Generated by org.testng.reporters.JUnitReportReporter -->
<testsuite hostname="GATADI" failures="0" tests="1" name="test.TC005_ValidateLinkInBottomOfHomePage" time="18.709" errors="0" timestamp="2024-03-27T20:09:27 IST" skipped="0">
  <testcase classname="test.TC005_ValidateLinkInBottomOfHomePage" name="tc_05_validateLinkInBottomOfHomePage" time="18.709"/>
  <system-out/>
</testsuite> <!-- test.TC005_ValidateLinkInBottomOfHomePage -->
