<?xml version="1.0" encoding="UTF-8"?>
<!-- Generated by org.testng.reporters.JUnitReportReporter -->
<testsuite hostname="GATADI" failures="0" tests="1" name="test.TC002_ValidateUrlIsNotBroken" time="30.917" errors="0" timestamp="2024-03-27T20:09:27 IST" skipped="0">
  <testcase classname="test.TC002_ValidateUrlIsNotBroken" name="tc_02_validateUrlIsNotBroken" time="30.917"/>
  <system-out/>
</testsuite> <!-- test.TC002_ValidateUrlIsNotBroken -->
