<?xml version="1.0" encoding="UTF-8"?>
<!-- Generated by org.testng.reporters.JUnitReportReporter -->
<testsuite hostname="GATADI" failures="0" tests="11" name="test.TC003_CreateAccount" time="372.410" errors="0" timestamp="2024-03-27T20:09:27 IST" skipped="0">
  <testcase classname="test.TC003_CreateAccount" name="tc_03_validateCreatAccountFunctionality" time="26.120"/>
  <system-out/>
  <testcase classname="test.TC003_CreateAccount" name="tc_03_validateCreatAccountFunctionality" time="46.895"/>
  <system-out/>
  <testcase classname="test.TC003_CreateAccount" name="tc_03_validateCreatAccountFunctionality" time="22.900"/>
  <system-out/>
  <testcase classname="test.TC003_CreateAccount" name="tc_03_validateCreatAccountFunctionality" time="24.249"/>
  <system-out/>
  <testcase classname="test.TC003_CreateAccount" name="tc_03_validateCreatAccountFunctionality" time="25.698"/>
  <system-out/>
  <testcase classname="test.TC003_CreateAccount" name="tc_03_validateCreatAccountFunctionality" time="74.766"/>
  <system-out/>
  <testcase classname="test.TC003_CreateAccount" name="tc_03_validateCreatAccountFunctionality" time="23.354"/>
  <system-out/>
  <testcase classname="test.TC003_CreateAccount" name="tc_03_validateCreatAccountFunctionality" time="35.767"/>
  <system-out/>
  <testcase classname="test.TC003_CreateAccount" name="tc_03_validateCreatAccountFunctionality" time="25.625"/>
  <system-out/>
  <testcase classname="test.TC003_CreateAccount" name="tc_03_validateCreatAccountFunctionality" time="43.743"/>
  <system-out/>
  <testcase classname="test.TC003_CreateAccount" name="tc_03_validateCreatAccountFunctionality" time="23.293"/>
  <system-out/>
</testsuite> <!-- test.TC003_CreateAccount -->
